<?xml version="1.0" encoding="UTF-8"?><testsuite name="nosetests" tests="2" errors="0" failures="0" skip="0"><testcase classname="test_livestatus_cache.TestConfigBig" name="test_a_long_history" time="112.324" /><testcase classname="test_livestatus_cache.TestConfigBig" name="test_stats" time="9.398" /></testsuite>