<?xml version="1.0" encoding="UTF-8"?><testsuite name="nosetests" tests="52" errors="0" failures="0" skip="0"><testcase classname="test_livestatus.TestConfigBig" name="do_test_thruk_unhandled_srv_page_perf" time="10.401" /><testcase classname="test_livestatus.TestConfigBig" name="test_childs" time="7.995" /><testcase classname="test_livestatus.TestConfigBig" name="test_hostsbygroup" time="7.945" /><testcase classname="test_livestatus.TestConfigBig" name="test_negate" time="6.400" /><testcase classname="test_livestatus.TestConfigBig" name="test_servicesbyhostgroup" time="10.689" /><testcase classname="test_livestatus.TestConfigBig" name="test_sorted_limit" time="8.497" /><testcase classname="test_livestatus.TestConfigBig" name="test_stats" time="8.389" /><testcase classname="test_livestatus.TestConfigBig" name="test_statsgroupby" time="8.268" /><testcase classname="test_livestatus.TestConfigBig" name="test_thruk_servicegroup" time="6.264" /><testcase classname="test_livestatus.TestConfigBig" name="test_thruk_unhandled_srv_page_perf" time="6.477" /><testcase classname="test_livestatus.TestConfigBig" name="test_worst_service_state" time="7.431" /><testcase classname="test_livestatus.TestConfigComplex" name="test_thruk_parents" time="0.549" /><testcase classname="test_livestatus.TestConfigSmall" name="test_bad_column" time="0.363" /><testcase classname="test_livestatus.TestConfigSmall" name="test_broker_table" time="0.396" /><testcase classname="test_livestatus.TestConfigSmall" name="test_childs" time="0.361" /><testcase classname="test_livestatus.TestConfigSmall" name="test_columns" time="0.391" /><testcase classname="test_livestatus.TestConfigSmall" name="test_delegate_to_host" time="0.512" /><testcase classname="test_livestatus.TestConfigSmall" name="test_display_name" time="0.363" /><testcase classname="test_livestatus.TestConfigSmall" name="test_downtimes_ref" time="0.480" /><testcase classname="test_livestatus.TestConfigSmall" name="test_hostsbygroup" time="0.345" /><testcase classname="test_livestatus.TestConfigSmall" name="test_is_executing" time="0.578" /><testcase classname="test_livestatus.TestConfigSmall" name="test_json" time="0.549" /><testcase classname="test_livestatus.TestConfigSmall" name="test_limit" time="0.357" /><testcase classname="test_livestatus.TestConfigSmall" name="test_modified_attributes" time="0.590" /><testcase classname="test_livestatus.TestConfigSmall" name="test_multisite_column_groupby" time="0.592" /><testcase classname="test_livestatus.TestConfigSmall" name="test_multisite_hostgroup_alias" time="0.451" /><testcase classname="test_livestatus.TestConfigSmall" name="test_multisite_in_check_period" time="0.355" /><testcase classname="test_livestatus.TestConfigSmall" name="test_nonsense" time="0.422" /><testcase classname="test_livestatus.TestConfigSmall" name="test_parent_childs_dep_lists" time="0.336" /><testcase classname="test_livestatus.TestConfigSmall" name="test_pnp_path" time="0.425" /><testcase classname="test_livestatus.TestConfigSmall" name="test_poller_table" time="0.373" /><testcase classname="test_livestatus.TestConfigSmall" name="test_problem_impact_in_host_service" time="0.725" /><testcase classname="test_livestatus.TestConfigSmall" name="test_problems_table" time="0.832" /><testcase classname="test_livestatus.TestConfigSmall" name="test_reactionner_table" time="0.374" /><testcase classname="test_livestatus.TestConfigSmall" name="test_scheduler_table" time="0.359" /><testcase classname="test_livestatus.TestConfigSmall" name="test_servicesbyhostgroup" time="0.357" /><testcase classname="test_livestatus.TestConfigSmall" name="test_statsgroupby" time="0.575" /><testcase classname="test_livestatus.TestConfigSmall" name="test_status" time="0.739" /><testcase classname="test_livestatus.TestConfigSmall" name="test_thruk" time="0.583" /><testcase classname="test_livestatus.TestConfigSmall" name="test_thruk_action_notes_url_icon_image" time="0.376" /><testcase classname="test_livestatus.TestConfigSmall" name="test_thruk_comments" time="0.555" /><testcase classname="test_livestatus.TestConfigSmall" name="test_thruk_config" time="0.625" /><testcase classname="test_livestatus.TestConfigSmall" name="test_thruk_custom_variables" time="0.785" /><testcase classname="test_livestatus.TestConfigSmall" name="test_thruk_empty_stats" time="0.345" /><testcase classname="test_livestatus.TestConfigSmall" name="test_thruk_host_parents" time="0.357" /><testcase classname="test_livestatus.TestConfigSmall" name="test_thruk_log_current_groups" time="1.462" /><testcase classname="test_livestatus.TestConfigSmall" name="test_thruk_logs" time="1.030" /><testcase classname="test_livestatus.TestConfigSmall" name="test_thruk_logs_alerts_summary" time="1.272" /><testcase classname="test_livestatus.TestConfigSmall" name="test_thruk_logs_current" time="1.137" /><testcase classname="test_livestatus.TestConfigSmall" name="test_thruk_logs_utf8" time="1.071" /><testcase classname="test_livestatus.TestConfigSmall" name="test_thruk_servicegroup" time="0.334" /><testcase classname="test_livestatus.TestConfigSmall" name="test_thruk_tac_svc" time="0.616" /></testsuite>